<?xml version="1.0" encoding="UTF-8"?>
<testng-results ignored="0" total="1" passed="1" failed="0" skipped="0">
  <reporter-output>
  </reporter-output>
  <suite started-at="2023-05-20T13:38:15 EDT" name="Default suite" finished-at="2023-05-20T13:38:18 EDT" duration-ms="2897">
    <groups>
    </groups>
    <test started-at="2023-05-20T13:38:15 EDT" name="Default test" finished-at="2023-05-20T13:38:18 EDT" duration-ms="2897">
      <class name="Call_API_2.GET_Test">
        <test-method signature="get_call()[pri:0, instance:Call_API_2.GET_Test@71238fc2]" started-at="2023-05-20T13:38:15 EDT" name="get_call" finished-at="2023-05-20T13:38:18 EDT" duration-ms="2847" status="PASS">
          <reporter-output>
          </reporter-output>
        </test-method> <!-- get_call -->
      </class> <!-- Call_API_2.GET_Test -->
    </test> <!-- Default test -->
  </suite> <!-- Default suite -->
</testng-results>
